<?xml version="1.0" encoding="UTF-8"?>
<testsuite xmlns:xsi="http://www.w3.org/2001/XMLSchema-instance" xsi:noNamespaceSchemaLocation="https://maven.apache.org/surefire/maven-surefire-plugin/xsd/surefire-test-report.xsd" name="BodyInfoTest" time="0.015" tests="3" errors="1" skipped="0" failures="0">
  <properties>
[...]
</properties>
  <testcase name="getName" classname="BodyInfoTest" time="0"/>
  <testcase name="performJP" classname="BodyInfoTest" time="0">
    <error message="No Persistence provider for EntityManager named jpa-test" type="javax.persistence.PersistenceException">javax.persistence.PersistenceException: No Persistence provider for EntityManager named jpa-test
	at BodyInfoTest.performJP(BodyInfoTest.java:34)
</error>
    <system-out><![CDATA[19:30:10.933 [main] DEBUG org.hibernate.jpa.HibernatePersistenceProvider - Located and parsed 1 persistence units; checking each
19:30:10.933 [main] DEBUG org.hibernate.jpa.HibernatePersistenceProvider - Checking persistence-unit [name=jpa-test, explicit-provider=org.eclipse.persistence.jpa.PersistenceProvider] against incoming persistence unit name [jpa-test]
19:30:10.933 [main] DEBUG org.hibernate.jpa.boot.spi.ProviderChecker - Persistence-unit [jpa-test] requested PersistenceProvider [org.eclipse.persistence.jpa.PersistenceProvider]
19:30:10.933 [main] DEBUG org.hibernate.jpa.HibernatePersistenceProvider - Excluding from consideration due to provider mis-match
19:30:10.933 [main] DEBUG org.hibernate.jpa.HibernatePersistenceProvider - Found no matching persistence units
]]></system-out>
  </testcase>
  <testcase name="getPhoneNum" classname="BodyInfoTest" time="0"/>
</testsuite>